# JRE version: OpenJDK Runtime Environment (8.0_202-b03) (build 1.8.0_202-release-1483-b03)
# Java VM: OpenJDK 64-Bit Server VM (25.202-b03 mixed mode windows-amd64 compressed oops)
Heap:
 PSYoungGen      total 354816K, used 39912K [0x00000000e0000000, 0x00000000fb780000, 0x0000000100000000)
  eden space 314880K, 0% used [0x00000000e0000000,0x00000000e0000000,0x00000000f3380000)
  from space 39936K, 99% used [0x00000000f9080000,0x00000000fb77a3a0,0x00000000fb780000)
  to   space 55808K, 0% used [0x00000000f4a80000,0x00000000f4a80000,0x00000000f8100000)
 ParOldGen       total 109056K, used 109036K [0x00000000a0000000, 0x00000000a6a80000, 0x00000000e0000000)
  object space 109056K, 99% used [0x00000000a0000000,0x00000000a6a7b320,0x00000000a6a80000)
 Metaspace       used 86567K, capacity 90982K, committed 91224K, reserved 1128448K
  class space    used 11427K, capacity 12298K, committed 12416K, reserved 1048576K
GC Heap History (10 events):
Event: 401.289 GC heap after
Heap after GC invocations=17 (full 3):
 PSYoungGen      total 280064K, used 18528K [0x00000000e0000000, 0x00000000f2b00000, 0x0000000100000000)
  eden space 261120K, 0% used [0x00000000e0000000,0x00000000e0000000,0x00000000eff00000)
  from space 18944K, 97% used [0x00000000f1880000,0x00000000f2a980c8,0x00000000f2b00000)
  to   space 22528K, 0% used [0x00000000eff00000,0x00000000eff00000,0x00000000f1500000)
 ParOldGen       total 108544K, used 37042K [0x00000000a0000000, 0x00000000a6a00000, 0x00000000e0000000)
  object space 108544K, 34% used [0x00000000a0000000,0x00000000a242c930,0x00000000a6a00000)
 Metaspace       used 76240K, capacity 79016K, committed 79320K, reserved 1118208K
  class space    used 10095K, capacity 10698K, committed 10752K, reserved 1048576K
}
Event: 556.842 GC heap before
{Heap before GC invocations=18 (full 3):
 PSYoungGen      total 280064K, used 279648K [0x00000000e0000000, 0x00000000f2b00000, 0x0000000100000000)
  eden space 261120K, 100% used [0x00000000e0000000,0x00000000eff00000,0x00000000eff00000)
  from space 18944K, 97% used [0x00000000f1880000,0x00000000f2a980c8,0x00000000f2b00000)
  to   space 22528K, 0% used [0x00000000eff00000,0x00000000eff00000,0x00000000f1500000)
 ParOldGen       total 108544K, used 37042K [0x00000000a0000000, 0x00000000a6a00000, 0x00000000e0000000)
  object space 108544K, 34% used [0x00000000a0000000,0x00000000a242c930,0x00000000a6a00000)
 Metaspace       used 81402K, capacity 84778K, committed 85080K, reserved 1122304K
  class space    used 10872K, capacity 11533K, committed 11648K, reserved 1048576K
Event: 556.875 GC heap after
Heap after GC invocations=18 (full 3):
 PSYoungGen      total 283648K, used 7509K [0x00000000e0000000, 0x00000000f7200000, 0x0000000100000000)
  eden space 261120K, 0% used [0x00000000e0000000,0x00000000e0000000,0x00000000eff00000)
  from space 22528K, 33% used [0x00000000eff00000,0x00000000f0655790,0x00000000f1500000)
  to   space 21504K, 0% used [0x00000000f5d00000,0x00000000f5d00000,0x00000000f7200000)
 ParOldGen       total 108544K, used 45995K [0x00000000a0000000, 0x00000000a6a00000, 0x00000000e0000000)
  object space 108544K, 42% used [0x00000000a0000000,0x00000000a2ceac30,0x00000000a6a00000)
 Metaspace       used 81402K, capacity 84778K, committed 85080K, reserved 1122304K
  class space    used 10872K, capacity 11533K, committed 11648K, reserved 1048576K
}
Event: 609.827 GC heap before
{Heap before GC invocations=19 (full 3):
 PSYoungGen      total 283648K, used 268629K [0x00000000e0000000, 0x00000000f7200000, 0x0000000100000000)
  eden space 261120K, 100% used [0x00000000e0000000,0x00000000eff00000,0x00000000eff00000)
  from space 22528K, 33% used [0x00000000eff00000,0x00000000f0655790,0x00000000f1500000)
  to   space 21504K, 0% used [0x00000000f5d00000,0x00000000f5d00000,0x00000000f7200000)
 ParOldGen       total 108544K, used 45995K [0x00000000a0000000, 0x00000000a6a00000, 0x00000000e0000000)
  object space 108544K, 42% used [0x00000000a0000000,0x00000000a2ceac30,0x00000000a6a00000)
 Metaspace       used 84920K, capacity 89232K, committed 89304K, reserved 1126400K
  class space    used 11362K, capacity 12239K, committed 12288K, reserved 1048576K
Event: 609.864 GC heap after
Heap after GC invocations=19 (full 3):
 PSYoungGen      total 340992K, used 15634K [0x00000000e0000000, 0x00000000f6c80000, 0x0000000100000000)
  eden space 325120K, 0% used [0x00000000e0000000,0x00000000e0000000,0x00000000f3d80000)
  from space 15872K, 98% used [0x00000000f5d00000,0x00000000f6c44930,0x00000000f6c80000)
  to   space 22528K, 0% used [0x00000000f4080000,0x00000000f4080000,0x00000000f5680000)
 ParOldGen       total 108544K, used 46003K [0x00000000a0000000, 0x00000000a6a00000, 0x00000000e0000000)
  object space 108544K, 42% used [0x00000000a0000000,0x00000000a2cecc30,0x00000000a6a00000)
 Metaspace       used 84920K, capacity 89232K, committed 89304K, reserved 1126400K
  class space    used 11362K, capacity 12239K, committed 12288K, reserved 1048576K
}
Event: 769.372 GC heap before
{Heap before GC invocations=20 (full 3):
 PSYoungGen      total 340992K, used 340754K [0x00000000e0000000, 0x00000000f6c80000, 0x0000000100000000)
  eden space 325120K, 100% used [0x00000000e0000000,0x00000000f3d80000,0x00000000f3d80000)
  from space 15872K, 98% used [0x00000000f5d00000,0x00000000f6c44930,0x00000000f6c80000)
  to   space 22528K, 0% used [0x00000000f4080000,0x00000000f4080000,0x00000000f5680000)
 ParOldGen       total 108544K, used 46003K [0x00000000a0000000, 0x00000000a6a00000, 0x00000000e0000000)
  object space 108544K, 42% used [0x00000000a0000000,0x00000000a2cecc30,0x00000000a6a00000)
 Metaspace       used 85902K, capacity 90184K, committed 90328K, reserved 1128448K
  class space    used 11405K, capacity 12265K, committed 12288K, reserved 1048576K
Event: 769.468 GC heap after
Heap after GC invocations=20 (full 3):
 PSYoungGen      total 350720K, used 22496K [0x00000000e0000000, 0x00000000fb780000, 0x0000000100000000)
  eden space 328192K, 0% used [0x00000000e0000000,0x00000000e0000000,0x00000000f4080000)
  from space 22528K, 99% used [0x00000000f4080000,0x00000000f56782b8,0x00000000f5680000)
  to   space 39936K, 0% used [0x00000000f9080000,0x00000000f9080000,0x00000000fb780000)
 ParOldGen       total 108544K, used 84032K [0x00000000a0000000, 0x00000000a6a00000, 0x00000000e0000000)
  object space 108544K, 77% used [0x00000000a0000000,0x00000000a5210358,0x00000000a6a00000)
 Metaspace       used 85902K, capacity 90184K, committed 90328K, reserved 1128448K
  class space    used 11405K, capacity 12265K, committed 12288K, reserved 1048576K
}
Event: 2057.482 GC heap before
{Heap before GC invocations=21 (full 3):
 PSYoungGen      total 350720K, used 350688K [0x00000000e0000000, 0x00000000fb780000, 0x0000000100000000)
  eden space 328192K, 100% used [0x00000000e0000000,0x00000000f4080000,0x00000000f4080000)
  from space 22528K, 99% used [0x00000000f4080000,0x00000000f56782b8,0x00000000f5680000)
  to   space 39936K, 0% used [0x00000000f9080000,0x00000000f9080000,0x00000000fb780000)
 ParOldGen       total 108544K, used 84032K [0x00000000a0000000, 0x00000000a6a00000, 0x00000000e0000000)
  object space 108544K, 77% used [0x00000000a0000000,0x00000000a5210358,0x00000000a6a00000)
 Metaspace       used 86567K, capacity 90982K, committed 91224K, reserved 1128448K
  class space    used 11427K, capacity 12298K, committed 12416K, reserved 1048576K
Event: 2057.862 GC heap after
Heap after GC invocations=21 (full 3):
 PSYoungGen      total 354816K, used 39912K [0x00000000e0000000, 0x00000000fb780000, 0x0000000100000000)
  eden space 314880K, 0% used [0x00000000e0000000,0x00000000e0000000,0x00000000f3380000)
  from space 39936K, 99% used [0x00000000f9080000,0x00000000fb77a3a0,0x00000000fb780000)
  to   space 55808K, 0% used [0x00000000f4a80000,0x00000000f4a80000,0x00000000f8100000)
 ParOldGen       total 109056K, used 109036K [0x00000000a0000000, 0x00000000a6a80000, 0x00000000e0000000)
  object space 109056K, 99% used [0x00000000a0000000,0x00000000a6a7b320,0x00000000a6a80000)
 Metaspace       used 86567K, capacity 90982K, committed 91224K, reserved 1128448K
  class space    used 11427K, capacity 12298K, committed 12416K, reserved 1048576K
}
Event: 2057.862 GC heap before
{Heap before GC invocations=22 (full 4):
 PSYoungGen      total 354816K, used 39912K [0x00000000e0000000, 0x00000000fb780000, 0x0000000100000000)
  eden space 314880K, 0% used [0x00000000e0000000,0x00000000e0000000,0x00000000f3380000)
  from space 39936K, 99% used [0x00000000f9080000,0x00000000fb77a3a0,0x00000000fb780000)
  to   space 55808K, 0% used [0x00000000f4a80000,0x00000000f4a80000,0x00000000f8100000)
 ParOldGen       total 109056K, used 109036K [0x00000000a0000000, 0x00000000a6a80000, 0x00000000e0000000)
  object space 109056K, 99% used [0x00000000a0000000,0x00000000a6a7b320,0x00000000a6a80000)
 Metaspace       used 86567K, capacity 90982K, committed 91224K, reserved 1128448K
  class space    used 11427K, capacity 12298K, committed 12416K, reserved 1048576K

